C:\Users\Administrator\Documents\Visual Studio 2010\Projects\tjn\Debug\tjn.exe
C:\Users\Administrator\Documents\Visual Studio 2010\Projects\tjn\Debug\tjn.ilk
C:\Users\Administrator\Documents\Visual Studio 2010\Projects\tjn\Debug\tjn.pdb
C:\Users\Administrator\Documents\Visual Studio 2010\Projects\tjn\tjn\Debug\cl.command.1.tlog
C:\Users\Administrator\Documents\Visual Studio 2010\Projects\tjn\tjn\Debug\CL.read.1.tlog
C:\Users\Administrator\Documents\Visual Studio 2010\Projects\tjn\tjn\Debug\CL.write.1.tlog
C:\Users\Administrator\Documents\Visual Studio 2010\Projects\tjn\tjn\Debug\link.15644.read.1.tlog
C:\Users\Administrator\Documents\Visual Studio 2010\Projects\tjn\tjn\Debug\link.15644.write.1.tlog
C:\Users\Administrator\Documents\Visual Studio 2010\Projects\tjn\tjn\Debug\link.15644-cvtres.read.1.tlog
C:\Users\Administrator\Documents\Visual Studio 2010\Projects\tjn\tjn\Debug\link.15644-cvtres.write.1.tlog
C:\Users\Administrator\Documents\Visual Studio 2010\Projects\tjn\tjn\Debug\link.command.1.tlog
C:\Users\Administrator\Documents\Visual Studio 2010\Projects\tjn\tjn\Debug\link.read.1.tlog
C:\Users\Administrator\Documents\Visual Studio 2010\Projects\tjn\tjn\Debug\link.write.1.tlog
C:\Users\Administrator\Documents\Visual Studio 2010\Projects\tjn\tjn\Debug\link-cvtres.read.1.tlog
C:\Users\Administrator\Documents\Visual Studio 2010\Projects\tjn\tjn\Debug\link-cvtres.write.1.tlog
C:\Users\Administrator\Documents\Visual Studio 2010\Projects\tjn\tjn\Debug\mt.command.1.tlog
C:\Users\Administrator\Documents\Visual Studio 2010\Projects\tjn\tjn\Debug\mt.read.1.tlog
C:\Users\Administrator\Documents\Visual Studio 2010\Projects\tjn\tjn\Debug\mt.write.1.tlog
C:\Users\Administrator\Documents\Visual Studio 2010\Projects\tjn\tjn\Debug\rc.command.1.tlog
C:\Users\Administrator\Documents\Visual Studio 2010\Projects\tjn\tjn\Debug\rc.read.1.tlog
C:\Users\Administrator\Documents\Visual Studio 2010\Projects\tjn\tjn\Debug\rc.write.1.tlog
C:\USERS\ADMINISTRATOR\DOCUMENTS\VISUAL STUDIO 2010\PROJECTS\TJN\TJN\DEBUG\STDAFX.OBJ
C:\USERS\ADMINISTRATOR\DOCUMENTS\VISUAL STUDIO 2010\PROJECTS\TJN\TJN\DEBUG\TJN.EXE.EMBED.MANIFEST
C:\USERS\ADMINISTRATOR\DOCUMENTS\VISUAL STUDIO 2010\PROJECTS\TJN\TJN\DEBUG\TJN.EXE.EMBED.MANIFEST.RES
C:\Users\Administrator\Documents\Visual Studio 2010\Projects\tjn\tjn\Debug\tjn.exe.intermediate.manifest
C:\USERS\ADMINISTRATOR\DOCUMENTS\VISUAL STUDIO 2010\PROJECTS\TJN\TJN\DEBUG\TJN.OBJ
C:\USERS\ADMINISTRATOR\DOCUMENTS\VISUAL STUDIO 2010\PROJECTS\TJN\TJN\DEBUG\TJN.PCH
C:\USERS\ADMINISTRATOR\DOCUMENTS\VISUAL STUDIO 2010\PROJECTS\TJN\TJN\DEBUG\TJN.RES
C:\Users\Administrator\Documents\Visual Studio 2010\Projects\tjn\tjn\Debug\tjn.vcxprojResolveAssemblyReference.cache
C:\Users\Administrator\Documents\Visual Studio 2010\Projects\tjn\tjn\Debug\tjn.write.1.tlog
C:\Users\Administrator\Documents\Visual Studio 2010\Projects\tjn\tjn\Debug\tjn_manifest.rc
C:\USERS\ADMINISTRATOR\DOCUMENTS\VISUAL STUDIO 2010\PROJECTS\TJN\TJN\DEBUG\TJNDLG.OBJ
C:\Users\Administrator\Documents\Visual Studio 2010\Projects\tjn\tjn\Debug\vc100.idb
C:\USERS\ADMINISTRATOR\DOCUMENTS\VISUAL STUDIO 2010\PROJECTS\TJN\TJN\DEBUG\VC100.PDB
