生成启动时间为 2014/11/14 14:01:47。
     1>项目“C:\Users\Administrator\Documents\Visual Studio 2010\Projects\tjn\tjn\tjn.vcxproj”在节点 2 上(build 个目标)。
     1>InitializeBuildStatus:
         正在创建“Debug\tjn.unsuccessfulbuild”，因为已指定“AlwaysCreate”。
       ClCompile:
         所有输出均为最新。
         d:\vs2010\VC\bin\CL.exe /c /ZI /nologo /W3 /WX- /Od /Oy- /D WIN32 /D _WINDOWS /D _DEBUG /D _UNICODE /D UNICODE /D _AFXDLL /Gm /EHsc /RTC1 /MDd /GS /fp:precise /Zc:wchar_t /Zc:forScope /Yu"StdAfx.h" /Fp"Debug\tjn.pch" /Fo"Debug\\" /Fd"Debug\vc100.pdb" /Gd /TP /analyze- /errorReport:prompt tjnDlg.cpp
         tjnDlg.cpp
       ResourceCompile:
         所有输出均为最新。
       ManifestResourceCompile:
         所有输出均为最新。
       Link:
         d:\vs2010\VC\bin\link.exe /ERRORREPORT:PROMPT /OUT:"C:\Users\Administrator\Documents\Visual Studio 2010\Projects\tjn\Debug\tjn.exe" /INCREMENTAL /NOLOGO /MANIFEST /ManifestFile:"Debug\tjn.exe.intermediate.manifest" /MANIFESTUAC:"level='asInvoker' uiAccess='false'" /DEBUG /PDB:"C:\Users\Administrator\Documents\Visual Studio 2010\Projects\tjn\Debug\tjn.pdb" /SUBSYSTEM:WINDOWS /TLBID:1 /ENTRY:"wWinMainCRTStartup" /DYNAMICBASE /NXCOMPAT /IMPLIB:"C:\Users\Administrator\Documents\Visual Studio 2010\Projects\tjn\Debug\tjn.lib" /MACHINE:X86 Debug\tjn.res
         Debug\tjn.exe.embed.manifest.res
         Debug\stdafx.obj
         Debug\tjn.obj
         Debug\tjnDlg.obj
       Manifest:
         C:\Program Files (x86)\Microsoft SDKs\Windows\v7.0A\bin\mt.exe /nologo /verbose /out:"Debug\tjn.exe.embed.manifest" /manifest Debug\tjn.exe.intermediate.manifest d:\vs2010\VC\Include\Manifest\dpiaware.manifest
         所有输出均为最新。
       LinkEmbedManifest:
         所有输出均为最新。
         tjn.vcxproj -> C:\Users\Administrator\Documents\Visual Studio 2010\Projects\tjn\Debug\tjn.exe
       FinalizeBuildStatus:
         正在删除文件“Debug\tjn.unsuccessfulbuild”。
         正在对“Debug\tjn.lastbuildstate”执行 Touch 任务。
     1>已完成生成项目“C:\Users\Administrator\Documents\Visual Studio 2010\Projects\tjn\tjn\tjn.vcxproj”(build 个目标)的操作。

生成成功。

已用时间 00:00:00.98
